0 info it worked if it ends with ok
1 verbose cli [ '/Users/sungjbyun/.node/bin/node',
1 verbose cli   '/Users/sungjbyun/.node/bin/npm',
1 verbose cli   'run',
1 verbose cli   'build' ]
2 info using npm@4.0.3
3 info using node@v4.4.3
4 verbose run-script [ 'prebuild', 'build', 'postbuild' ]
5 info lifecycle angular2-starter@1.0.0~prebuild: angular2-starter@1.0.0
6 silly lifecycle angular2-starter@1.0.0~prebuild: no script for prebuild, continuing
7 info lifecycle angular2-starter@1.0.0~build: angular2-starter@1.0.0
8 verbose lifecycle angular2-starter@1.0.0~build: unsafe-perm in lifecycle true
9 verbose lifecycle angular2-starter@1.0.0~build: PATH: /Users/sungjbyun/.node/lib/node_modules/npm/bin/node-gyp-bin:/Users/sungjbyun/angular2-starter/node_modules/.bin:/Library/Frameworks/Python.framework/Versions/3.5/bin:/Users/sungjbyun/Documents/goWork/bin:/Users/sungjbyun/.node/bin:/usr/local/bin:/usr/bin:/bin:/usr/sbin:/sbin:/usr/local/go/bin:/Library/Frameworks/Python.framework/Versions/3.5/bin:/Users/sungjbyun/Documents/goWork/bin:/Users/sungjbyun/.node/bin
10 verbose lifecycle angular2-starter@1.0.0~build: CWD: /Users/sungjbyun/angular2-starter
11 silly lifecycle angular2-starter@1.0.0~build: Args: [ '-c', 'tsc --rootDir src --outDir dist' ]
12 silly lifecycle angular2-starter@1.0.0~build: Returned: code: 2  signal: null
13 info lifecycle angular2-starter@1.0.0~build: Failed to exec build script
14 verbose stack Error: angular2-starter@1.0.0 build: `tsc --rootDir src --outDir dist`
14 verbose stack Exit status 2
14 verbose stack     at EventEmitter.<anonymous> (/Users/sungjbyun/.node/lib/node_modules/npm/lib/utils/lifecycle.js:279:16)
14 verbose stack     at emitTwo (events.js:87:13)
14 verbose stack     at EventEmitter.emit (events.js:172:7)
14 verbose stack     at ChildProcess.<anonymous> (/Users/sungjbyun/.node/lib/node_modules/npm/lib/utils/spawn.js:40:14)
14 verbose stack     at emitTwo (events.js:87:13)
14 verbose stack     at ChildProcess.emit (events.js:172:7)
14 verbose stack     at maybeClose (internal/child_process.js:827:16)
14 verbose stack     at Process.ChildProcess._handle.onexit (internal/child_process.js:211:5)
15 verbose pkgid angular2-starter@1.0.0
16 verbose cwd /Users/sungjbyun/angular2-starter
17 error Darwin 15.6.0
18 error argv "/Users/sungjbyun/.node/bin/node" "/Users/sungjbyun/.node/bin/npm" "run" "build"
19 error node v4.4.3
20 error npm  v4.0.3
21 error code ELIFECYCLE
22 error angular2-starter@1.0.0 build: `tsc --rootDir src --outDir dist`
22 error Exit status 2
23 error Failed at the angular2-starter@1.0.0 build script 'tsc --rootDir src --outDir dist'.
23 error Make sure you have the latest version of node.js and npm installed.
23 error If you do, this is most likely a problem with the angular2-starter package,
23 error not with npm itself.
23 error Tell the author that this fails on your system:
23 error     tsc --rootDir src --outDir dist
23 error You can get information on how to open an issue for this project with:
23 error     npm bugs angular2-starter
23 error Or if that isn't available, you can get their info via:
23 error     npm owner ls angular2-starter
23 error There is likely additional logging output above.
24 verbose exit [ 1, true ]
